<?xml version="1.0" encoding="UTF-8"?>
<!-- Generated by org.testng.reporters.JUnitXMLReporter -->
<testsuite hostname="localhost" name="TWC_Smoke_Test" tests="12" failures="10" timestamp="23 Feb 2016 11:32:21 GMT" time="4.377" errors="0">
  <testcase name="FirstRun" time="3.142" classname="com.weather.RunTest.Smoke_Test">
    <failure type="java.io.FileNotFoundException" message="/Users/aparna/Documents/Naresh/com.weather.SmokeTest/Files/syslog.log (No such file or directory)">
      <![CDATA[java.io.FileNotFoundException: /Users/aparna/Documents/Naresh/com.weather.SmokeTest/Files/syslog.log (No such file or directory)
	at java.io.FileInputStream.open0(Native Method)
	at java.io.FileInputStream.open(FileInputStream.java:195)
	at java.io.FileInputStream.<init>(FileInputStream.java:138)
	at java.io.FileInputStream.<init>(FileInputStream.java:93)
	at java.io.FileReader.<init>(FileReader.java:58)
	at com.weather.appium.Install_the_app.install(Install_the_app.java:22)
	at com.weather.RunTest.Smoke_Test.FirstRun(Smoke_Test.java:91)
... Removed 24 stack frames]]>
    </failure>
  </testcase> <!-- FirstRun -->
  <testcase name="c334150_pulltoRefresh" time="0.244" classname="com.weather.RunTest.Smoke_Test">
    <failure type="java.lang.NullPointerException">
      <![CDATA[java.lang.NullPointerException
	at com.weather.SmokeTestcases.SmokeTest_c334150_Verify_onpulltorefresh.Verify_PulltoRefresh(SmokeTest_c334150_Verify_onpulltorefresh.java:62)
	at com.weather.RunTest.Smoke_Test.c334150_pulltoRefresh(Smoke_Test.java:115)
... Removed 24 stack frames]]>
    </failure>
  </testcase> <!-- c334150_pulltoRefresh -->
  <testcase name="c334145_factualCall_onfreshlaunch" time="0.114" classname="com.weather.RunTest.Smoke_Test"/>
  <testcase name="c334144_verify_WeatheFX_ApiCall" time="0.004" classname="com.weather.RunTest.Smoke_Test">
    <failure type="java.lang.NullPointerException">
      <![CDATA[java.lang.NullPointerException
	at com.weather.SmokeTestcases.SmokeTest_c334144_Verify_WeatheFX_ApiCall.Verify_WeatherFX_Apicall(SmokeTest_c334144_Verify_WeatheFX_ApiCall.java:64)
	at com.weather.RunTest.Smoke_Test.c334144_verify_WeatheFX_ApiCall(Smoke_Test.java:143)
... Removed 24 stack frames]]>
    </failure>
  </testcase> <!-- c334144_verify_WeatheFX_ApiCall -->
  <testcase name="c334153_lotame_call_verify" time="0.065" classname="com.weather.RunTest.Smoke_Test">
    <failure type="java.lang.AssertionError" message="null">
      <![CDATA[java.lang.AssertionError: null
	at com.weather.SmokeTestcases.SmokeTest_c334153_Verify_Lotame_onApp_Launch.Verify_Lotamecall_onapp_launch(SmokeTest_c334153_Verify_Lotame_onApp_Launch.java:98)
	at com.weather.RunTest.Smoke_Test.c334153_lotame_call_verify(Smoke_Test.java:154)
... Removed 26 stack frames]]>
    </failure>
  </testcase> <!-- c334153_lotame_call_verify -->
  <testcase name="c334143_verify_adcals_on_clean_launch" time="0.016" classname="com.weather.RunTest.Smoke_Test">
    <failure type="java.lang.NullPointerException">
      <![CDATA[java.lang.NullPointerException
	at com.weather.Genaral.app_Kill_Relaunch.Kill_realaunch(app_Kill_Relaunch.java:11)
	at com.weather.SmokeTestcases.SmokeTest_c334143_CleanLaunch.verify_adcals_onclean_launch(SmokeTest_c334143_CleanLaunch.java:52)
	at com.weather.RunTest.Smoke_Test.c334143_verify_adcals_on_clean_launch(Smoke_Test.java:167)
... Removed 24 stack frames]]>
    </failure>
  </testcase> <!-- c334143_verify_adcals_on_clean_launch -->
  <testcase name="c334146_Verify_adon_HourlyExtended_page" time="0.004" classname="com.weather.RunTest.Smoke_Test">
    <failure type="java.lang.NullPointerException">
      <![CDATA[java.lang.NullPointerException
	at com.weather.Genaral.app_Kill_Relaunch.Kill_realaunch(app_Kill_Relaunch.java:11)
	at com.weather.SmokeTestcases.SmokeTest_C334146_Hourly.verify_adpresent_onextendedHourly_page(SmokeTest_C334146_Hourly.java:44)
	at com.weather.RunTest.Smoke_Test.c334146_Verify_adon_HourlyExtended_page(Smoke_Test.java:174)
... Removed 24 stack frames]]>
    </failure>
  </testcase> <!-- c334146_Verify_adon_HourlyExtended_page -->
  <testcase name="c334151_Verify_adon_10DaysExtended_page" time="0.002" classname="com.weather.RunTest.Smoke_Test">
    <failure type="java.lang.NullPointerException">
      <![CDATA[java.lang.NullPointerException
	at com.weather.SmokeTestcases.SmokeTest_C334151_10Days.verify_adpresent_onextendedTendays_page(SmokeTest_C334151_10Days.java:36)
	at com.weather.RunTest.Smoke_Test.c334151_Verify_adon_10DaysExtended_page(Smoke_Test.java:183)
... Removed 24 stack frames]]>
    </failure>
  </testcase> <!-- c334151_Verify_adon_10DaysExtended_page -->
  <testcase name="c334147_Verify_adon_MapsExtended_page" time="0.004" classname="com.weather.RunTest.Smoke_Test">
    <failure type="java.lang.NullPointerException">
      <![CDATA[java.lang.NullPointerException
	at com.weather.SmokeTestcases.SmokeTest_c334147_Map.verify_adpresent_onextendedMap_page(SmokeTest_c334147_Map.java:40)
	at com.weather.RunTest.Smoke_Test.c334147_Verify_adon_MapsExtended_page(Smoke_Test.java:191)
... Removed 24 stack frames]]>
    </failure>
  </testcase> <!-- c334147_Verify_adon_MapsExtended_page -->
  <testcase name="c334148_Verify_adon_NewsExtended_page" time="0.001" classname="com.weather.RunTest.Smoke_Test">
    <failure type="java.lang.NullPointerException">
      <![CDATA[java.lang.NullPointerException
	at com.weather.SmokeTestcases.SmokeTest_C334148_News.verify_adpresent_onextendedNews_page(SmokeTest_C334148_News.java:35)
	at com.weather.RunTest.Smoke_Test.c334148_Verify_adon_NewsExtended_page(Smoke_Test.java:202)
... Removed 24 stack frames]]>
    </failure>
  </testcase> <!-- c334148_Verify_adon_NewsExtended_page -->
  <testcase name="C402853_Verifybigbannerad_LSModules" time="0.01" classname="com.weather.RunTest.Smoke_Test">
    <failure type="java.lang.NullPointerException">
      <![CDATA[java.lang.NullPointerException
	at com.weather.Genaral.MoveTo_TestMode.testmode(MoveTo_TestMode.java:18)
	at com.weather.SmokeTestcases.SmokeTest_C402853_Verifybigbannerad_LSModules.verify_adpresent_onLSModule_page(SmokeTest_C402853_Verifybigbannerad_LSModules.java:33)
	at com.weather.RunTest.Smoke_Test.C402853_Verifybigbannerad_LSModules(Smoke_Test.java:211)
... Removed 24 stack frames]]>
    </failure>
  </testcase> <!-- C402853_Verifybigbannerad_LSModules -->
  <testcase name="C414339_Thirdparty_Beacon" time="0.042" classname="com.weather.RunTest.Smoke_Test"/>
</testsuite> <!-- TWC_Smoke_Test -->
