<?xml version="1.0" encoding="UTF-8" ?>
<testsuite tests="12" failures="10" name="TestSuite" time="6.814" errors="0" skipped="0">
  <properties>
[...]
</properties>
  <testcase classname="com.weather.RunTest.Smoke_Test" name="FirstRun" time="3.476">
    <failure message="/Users/aparna/Documents/Naresh/com.weather.SmokeTest/Files/syslog.log (No such file or directory)" type="java.io.FileNotFoundException">java.io.FileNotFoundException: /Users/aparna/Documents/Naresh/com.weather.SmokeTest/Files/syslog.log (No such file or directory)
	at java.io.FileInputStream.open0(Native Method)
	at java.io.FileInputStream.open(FileInputStream.java:195)
	at java.io.FileInputStream.&lt;init&gt;(FileInputStream.java:138)
	at java.io.FileInputStream.&lt;init&gt;(FileInputStream.java:93)
	at java.io.FileReader.&lt;init&gt;(FileReader.java:58)
	at com.weather.appium.Install_the_app.install(Install_the_app.java:22)
	at com.weather.RunTest.Smoke_Test.FirstRun(Smoke_Test.java:91)
</failure>
    <system-out>8.4iPodTheWeather7.3_421559
Filepath verifying
Path is ::/Users/aparna/Documents/Naresh/com.weather.SmokeTest/Files/syslog.log
File Exist to run
File deleted successfully !
</system-out>
  </testcase>
  <testcase classname="com.weather.RunTest.Smoke_Test" name="c334150_pulltoRefresh" time="0.264">
    <failure type="java.lang.NullPointerException">java.lang.NullPointerException
	at com.weather.SmokeTestcases.SmokeTest_c334150_Verify_onpulltorefresh.Verify_PulltoRefresh(SmokeTest_c334150_Verify_onpulltorefresh.java:62)
	at com.weather.RunTest.Smoke_Test.c334150_pulltoRefresh(Smoke_Test.java:115)
</failure>
    <system-out>Pull to refresh - Steps Value is ::0
Capablities - Steps Value is ::0
FirstRun - Steps Value is ::0
Factual - Steps Value is ::0
WFXTG Call - Steps Value is ::0
Lotame Call - Steps Value is ::0
Cleanlaunch Call - Steps Value is ::0
Hourly Call - Steps Value is ::0
10days Call - Steps Value is ::0
Maps page - Steps Value is ::0
Health page - Steps Value is ::0
News page - Steps Value is ::0
</system-out>
  </testcase>
  <testcase classname="com.weather.RunTest.Smoke_Test" name="c334145_factualCall_onfreshlaunch" time="0.116"/>
  <testcase classname="com.weather.RunTest.Smoke_Test" name="c334144_verify_WeatheFX_ApiCall" time="0.002">
    <failure type="java.lang.NullPointerException">java.lang.NullPointerException
	at com.weather.SmokeTestcases.SmokeTest_c334144_Verify_WeatheFX_ApiCall.Verify_WeatherFX_Apicall(SmokeTest_c334144_Verify_WeatheFX_ApiCall.java:64)
	at com.weather.RunTest.Smoke_Test.c334144_verify_WeatheFX_ApiCall(Smoke_Test.java:143)
</failure>
    <system-out>Case Started
</system-out>
  </testcase>
  <testcase classname="com.weather.RunTest.Smoke_Test" name="c334153_lotame_call_verify" time="0.025">
    <failure message="null" type="java.lang.AssertionError">java.lang.AssertionError: null
	at org.testng.Assert.fail(Assert.java:94)
	at org.testng.Assert.fail(Assert.java:101)
	at com.weather.SmokeTestcases.SmokeTest_c334153_Verify_Lotame_onApp_Launch.Verify_Lotamecall_onapp_launch(SmokeTest_c334153_Verify_Lotame_onApp_Launch.java:98)
	at com.weather.RunTest.Smoke_Test.c334153_lotame_call_verify(Smoke_Test.java:154)
</failure>
    <system-out>Pull to refresh - Steps Value is ::1
Capablities - Steps Value is ::0
FirstRun - Steps Value is ::0
Factual - Steps Value is ::0
WFXTG Call - Steps Value is ::2
Lotame Call - Steps Value is ::0
Cleanlaunch Call - Steps Value is ::0
Hourly Call - Steps Value is ::0
10days Call - Steps Value is ::0
Maps page - Steps Value is ::0
Health page - Steps Value is ::0
News page - Steps Value is ::0
Case Started
Log data is not correct
</system-out>
  </testcase>
  <testcase classname="com.weather.RunTest.Smoke_Test" name="c334143_verify_adcals_on_clean_launch" time="0.01">
    <failure type="java.lang.NullPointerException">java.lang.NullPointerException
	at com.weather.Genaral.app_Kill_Relaunch.Kill_realaunch(app_Kill_Relaunch.java:11)
	at com.weather.SmokeTestcases.SmokeTest_c334143_CleanLaunch.verify_adcals_onclean_launch(SmokeTest_c334143_CleanLaunch.java:52)
	at com.weather.RunTest.Smoke_Test.c334143_verify_adcals_on_clean_launch(Smoke_Test.java:167)
</failure>
    <system-out>Pull to refresh - Steps Value is ::1
Capablities - Steps Value is ::0
FirstRun - Steps Value is ::0
Factual - Steps Value is ::0
WFXTG Call - Steps Value is ::2
Lotame Call - Steps Value is ::4
Cleanlaunch Call - Steps Value is ::0
Hourly Call - Steps Value is ::0
10days Call - Steps Value is ::0
Maps page - Steps Value is ::0
Health page - Steps Value is ::0
News page - Steps Value is ::0
</system-out>
  </testcase>
  <testcase classname="com.weather.RunTest.Smoke_Test" name="c334146_Verify_adon_HourlyExtended_page" time="0.001">
    <failure type="java.lang.NullPointerException">java.lang.NullPointerException
	at com.weather.Genaral.app_Kill_Relaunch.Kill_realaunch(app_Kill_Relaunch.java:11)
	at com.weather.SmokeTestcases.SmokeTest_C334146_Hourly.verify_adpresent_onextendedHourly_page(SmokeTest_C334146_Hourly.java:44)
	at com.weather.RunTest.Smoke_Test.c334146_Verify_adon_HourlyExtended_page(Smoke_Test.java:174)
</failure>
    <system-out>Pull to refresh - Steps Value is ::1
Capablities - Steps Value is ::0
FirstRun - Steps Value is ::0
Factual - Steps Value is ::0
WFXTG Call - Steps Value is ::2
Lotame Call - Steps Value is ::4
Cleanlaunch Call - Steps Value is ::1
Hourly Call - Steps Value is ::0
10days Call - Steps Value is ::0
Maps page - Steps Value is ::0
Health page - Steps Value is ::0
News page - Steps Value is ::0
</system-out>
  </testcase>
  <testcase classname="com.weather.RunTest.Smoke_Test" name="c334151_Verify_adon_10DaysExtended_page" time="0.001">
    <failure type="java.lang.NullPointerException">java.lang.NullPointerException
	at com.weather.SmokeTestcases.SmokeTest_C334151_10Days.verify_adpresent_onextendedTendays_page(SmokeTest_C334151_10Days.java:36)
	at com.weather.RunTest.Smoke_Test.c334151_Verify_adon_10DaysExtended_page(Smoke_Test.java:183)
</failure>
    <system-out>Pull to refresh - Steps Value is ::1
Capablities - Steps Value is ::0
FirstRun - Steps Value is ::0
Factual - Steps Value is ::0
WFXTG Call - Steps Value is ::2
Lotame Call - Steps Value is ::4
Cleanlaunch Call - Steps Value is ::1
Hourly Call - Steps Value is ::1
10days Call - Steps Value is ::0
Maps page - Steps Value is ::0
Health page - Steps Value is ::0
News page - Steps Value is ::0
</system-out>
  </testcase>
  <testcase classname="com.weather.RunTest.Smoke_Test" name="c334147_Verify_adon_MapsExtended_page" time="0.003">
    <failure type="java.lang.NullPointerException">java.lang.NullPointerException
	at com.weather.SmokeTestcases.SmokeTest_c334147_Map.verify_adpresent_onextendedMap_page(SmokeTest_c334147_Map.java:40)
	at com.weather.RunTest.Smoke_Test.c334147_Verify_adon_MapsExtended_page(Smoke_Test.java:191)
</failure>
    <system-out>Pull to refresh - Steps Value is ::1
Capablities - Steps Value is ::0
FirstRun - Steps Value is ::0
Factual - Steps Value is ::0
WFXTG Call - Steps Value is ::2
Lotame Call - Steps Value is ::4
Cleanlaunch Call - Steps Value is ::1
Hourly Call - Steps Value is ::1
10days Call - Steps Value is ::1
Maps page - Steps Value is ::0
Health page - Steps Value is ::0
News page - Steps Value is ::0
</system-out>
  </testcase>
  <testcase classname="com.weather.RunTest.Smoke_Test" name="c334148_Verify_adon_NewsExtended_page" time="0.001">
    <failure type="java.lang.NullPointerException">java.lang.NullPointerException
	at com.weather.SmokeTestcases.SmokeTest_C334148_News.verify_adpresent_onextendedNews_page(SmokeTest_C334148_News.java:35)
	at com.weather.RunTest.Smoke_Test.c334148_Verify_adon_NewsExtended_page(Smoke_Test.java:202)
</failure>
    <system-out>Pull to refresh - Steps Value is ::1
Capablities - Steps Value is ::0
FirstRun - Steps Value is ::0
Factual - Steps Value is ::0
WFXTG Call - Steps Value is ::2
Lotame Call - Steps Value is ::4
Cleanlaunch Call - Steps Value is ::1
Hourly Call - Steps Value is ::1
10days Call - Steps Value is ::1
Maps page - Steps Value is ::1
Health page - Steps Value is ::0
News page - Steps Value is ::0
</system-out>
  </testcase>
  <testcase classname="com.weather.RunTest.Smoke_Test" name="C402853_Verifybigbannerad_LSModules" time="0.012">
    <failure type="java.lang.NullPointerException">java.lang.NullPointerException
	at com.weather.Genaral.MoveTo_TestMode.testmode(MoveTo_TestMode.java:18)
	at com.weather.SmokeTestcases.SmokeTest_C402853_Verifybigbannerad_LSModules.verify_adpresent_onLSModule_page(SmokeTest_C402853_Verifybigbannerad_LSModules.java:33)
	at com.weather.RunTest.Smoke_Test.C402853_Verifybigbannerad_LSModules(Smoke_Test.java:211)
</failure>
    <system-out>Pull to refresh - Steps Value is ::1
Capablities - Steps Value is ::0
FirstRun - Steps Value is ::0
Factual - Steps Value is ::0
WFXTG Call - Steps Value is ::2
Lotame Call - Steps Value is ::4
Cleanlaunch Call - Steps Value is ::1
Hourly Call - Steps Value is ::1
10days Call - Steps Value is ::1
Maps page - Steps Value is ::1
Health page - Steps Value is ::0
News page - Steps Value is ::0
</system-out>
  </testcase>
  <testcase classname="com.weather.RunTest.Smoke_Test" name="C414339_Thirdparty_Beacon" time="0.007"/>
</testsuite>